c:\users\giaco\documents\tesi\my_mono\my_mono\x64\debug\my_mono.pch
c:\users\giaco\documents\tesi\my_mono\my_mono\x64\debug\vc143.pdb
c:\users\giaco\documents\tesi\my_mono\my_mono\x64\debug\vc143.idb
c:\users\giaco\documents\tesi\my_mono\my_mono\x64\debug\pch.obj
c:\users\giaco\documents\tesi\my_mono\my_mono\x64\debug\monocypher.obj
c:\users\giaco\documents\tesi\my_mono\my_mono\x64\debug\my_mono.obj
c:\users\giaco\documents\tesi\my_mono\my_mono\x64\debug\dllmain.obj
c:\users\giaco\documents\tesi\my_mono\x64\debug\my_mono.dll
c:\users\giaco\documents\tesi\my_mono\x64\debug\my_mono.pdb
c:\users\giaco\documents\tesi\my_mono\x64\debug\my_mono.lib
c:\users\giaco\documents\tesi\my_mono\x64\debug\my_mono.exp
c:\users\giaco\documents\tesi\my_mono\my_mono\x64\debug\my_mono.ilk
c:\users\giaco\documents\tesi\my_mono\my_mono\x64\debug\my_mono.tlog\cl.command.1.tlog
c:\users\giaco\documents\tesi\my_mono\my_mono\x64\debug\my_mono.tlog\cl.items.tlog
c:\users\giaco\documents\tesi\my_mono\my_mono\x64\debug\my_mono.tlog\cl.read.1.tlog
c:\users\giaco\documents\tesi\my_mono\my_mono\x64\debug\my_mono.tlog\cl.write.1.tlog
c:\users\giaco\documents\tesi\my_mono\my_mono\x64\debug\my_mono.tlog\link.command.1.tlog
c:\users\giaco\documents\tesi\my_mono\my_mono\x64\debug\my_mono.tlog\link.read.1.tlog
c:\users\giaco\documents\tesi\my_mono\my_mono\x64\debug\my_mono.tlog\link.secondary.1.tlog
c:\users\giaco\documents\tesi\my_mono\my_mono\x64\debug\my_mono.tlog\link.write.1.tlog
